2025-11-21 20:57:36.761 | INFO     | day23.HAT.keywords.api_keywords:<module>:18 - 开始发请求
2025-11-21 20:58:09.024 | DEBUG    | day23.HAT.keywords.api_keywords:show_log:291 - -------Log：请求参数-----
2025-11-21 20:58:15.157 | DEBUG    | day23.HAT.keywords.api_keywords:show_log:292 - 请求参数:{'操作类型': '发送请求POST', '请求地址': 'http://shop-xo.hctestedu.com', '请求数据': {'accounts': 'youyi', 'pwd': '123456', 'type': 'username'}, 'URL参数': {'s': '/api/user/login', 'application': 'app'}}
2025-11-21 20:58:15.157 | DEBUG    | day23.HAT.keywords.api_keywords:show_log:293 - -------END Log：请求参数-----
2025-11-21 20:58:17.382 | DEBUG    | day23.HAT.keywords.api_keywords:show_log:291 - -------Log：响应数据-----
2025-11-21 20:58:17.382 | DEBUG    | day23.HAT.keywords.api_keywords:show_log:292 - 响应数据:{'msg': '登录成功', 'code': 0, 'data': {'id': '2', 'username': 'youyi', 'nickname': '', 'mobile': '', 'email': '', 'avatar': 'http://shop-xo.hctestedu.com/static/upload/images/user_avatar/compr/2025/07/05/202507051618191471059059.jpg', 'alipay_openid': '', 'weixin_openid': '', 'weixin_unionid': '', 'weixin_web_openid': '', 'baidu_openid': '', 'toutiao_openid': '', 'qq_openid': '', 'qq_unionid': '', 'integral': '0', 'locking_integral': '0', 'referrer': '0', 'add_time': '1750923161', 'add_time_text': '2025-06-26 15:32:41', 'mobile_security': '', 'email_security': '', 'user_name_view': 'youyi', 'is_mandatory_bind_mobile': 0, 'token': 'd81c99984b7120016067af52ebdc88ef'}}
2025-11-21 20:58:17.382 | DEBUG    | day23.HAT.keywords.api_keywords:show_log:293 - -------END Log：响应数据-----
2025-11-21 20:58:28.088 | DEBUG    | day23.HAT.keywords.api_keywords:show_log:291 - -------Log：提取数据JSON-----
2025-11-21 20:58:28.088 | DEBUG    | day23.HAT.keywords.api_keywords:show_log:292 - 提取数据JSON:{'操作类型': '提取数据JSON', '表达式': '$..msg', '变量名': 'msg_success'}
2025-11-21 20:58:28.088 | DEBUG    | day23.HAT.keywords.api_keywords:show_log:293 - -------END Log：提取数据JSON-----
2025-11-21 20:58:28.092 | DEBUG    | day23.HAT.keywords.api_keywords:show_log:291 - -------Log：全局变量-----
2025-11-21 20:58:28.092 | DEBUG    | day23.HAT.keywords.api_keywords:show_log:292 - 全局变量:{'_数据库': {'mysql001': {'host': 'shop-xo.hctestedu.com', 'port': 3306, 'user': 'api_test', 'password': 'Aa9999!', 'db': 'shop_hctested'}, 'mysql002': {'host': 'shop-xo.hctestedu.com', 'port': 3306, 'user': 'api_test', 'password': 'Aa9999!', 'db': 'novel-plus'}, 'dsw_mysql': {'host': 'shop-xo.hctestedu.com', 'port': 3306, 'user': 'api_test', 'password': 'Aa9999!', 'db': 'novel-plus'}}, '用例类型': 'ApiCase', 'URL': 'http://shop-xo.hctestedu.com', 'DSWURL': 'http://novel.hctestedu.com/', 'dsw_name': 15096268002, 'dsw_password': 123456, 'shop_name': 'youyi', 'shop_password': 123456, '响应结果': <Response [200]>, 'msg_success': '登录成功'}
2025-11-21 20:58:28.092 | DEBUG    | day23.HAT.keywords.api_keywords:show_log:293 - -------END Log：全局变量-----
2025-11-21 20:58:36.266 | DEBUG    | day23.HAT.keywords.api_keywords:show_log:291 - -------Log：提取数据JSON-----
2025-11-21 20:58:36.267 | DEBUG    | day23.HAT.keywords.api_keywords:show_log:292 - 提取数据JSON:{'操作类型': '提取数据JSON', '表达式': '$..token', '变量名': 'token'}
2025-11-21 20:58:36.267 | DEBUG    | day23.HAT.keywords.api_keywords:show_log:293 - -------END Log：提取数据JSON-----
2025-11-21 20:58:36.268 | DEBUG    | day23.HAT.keywords.api_keywords:show_log:291 - -------Log：全局变量-----
2025-11-21 20:58:36.268 | DEBUG    | day23.HAT.keywords.api_keywords:show_log:292 - 全局变量:{'_数据库': {'mysql001': {'host': 'shop-xo.hctestedu.com', 'port': 3306, 'user': 'api_test', 'password': 'Aa9999!', 'db': 'shop_hctested'}, 'mysql002': {'host': 'shop-xo.hctestedu.com', 'port': 3306, 'user': 'api_test', 'password': 'Aa9999!', 'db': 'novel-plus'}, 'dsw_mysql': {'host': 'shop-xo.hctestedu.com', 'port': 3306, 'user': 'api_test', 'password': 'Aa9999!', 'db': 'novel-plus'}}, '用例类型': 'ApiCase', 'URL': 'http://shop-xo.hctestedu.com', 'DSWURL': 'http://novel.hctestedu.com/', 'dsw_name': 15096268002, 'dsw_password': 123456, 'shop_name': 'youyi', 'shop_password': 123456, '响应结果': <Response [200]>, 'msg_success': '登录成功', 'token': 'd81c99984b7120016067af52ebdc88ef'}
2025-11-21 20:58:36.269 | DEBUG    | day23.HAT.keywords.api_keywords:show_log:293 - -------END Log：全局变量-----
2025-11-21 20:58:56.643 | DEBUG    | day23.HAT.keywords.api_keywords:show_log:291 - -------Log：断言文本相等-----
2025-11-21 20:58:57.079 | DEBUG    | day23.HAT.keywords.api_keywords:show_log:292 - 断言文本相等:{'操作类型': '断言文本相等', '期望结果': '登录成功2', '实际结果': '登录成功'}
2025-11-21 20:58:57.456 | DEBUG    | day23.HAT.keywords.api_keywords:show_log:293 - -------END Log：断言文本相等-----
2025-11-21 20:58:59.607 | DEBUG    | day23.HAT.keywords.api_keywords:show_log:291 - -------Log：断言文本-----
2025-11-21 20:59:00.103 | DEBUG    | day23.HAT.keywords.api_keywords:show_log:292 - 断言文本:{'操作类型': '断言文本相等', '期望结果': '登录成功2', '实际结果': '登录成功', '比较符': '=='}
2025-11-21 20:59:00.530 | DEBUG    | day23.HAT.keywords.api_keywords:show_log:293 - -------END Log：断言文本-----
2025-11-21 21:00:20.325 | DEBUG    | day23.HAT.keywords.api_keywords:show_log:291 - -------Log：请求参数-----
2025-11-21 21:00:20.751 | DEBUG    | day23.HAT.keywords.api_keywords:show_log:292 - 请求参数:{'操作类型': '发送请求POST', '请求地址': 'http://shop-xo.hctestedu.com', 'URL参数': {'s': '/api/cart/save', 'application': 'app', 'token': 'd81c99984b7120016067af52ebdc88ef'}, '请求数据': {'goods_id': '2', 'spec': [], 'stock': 1}, '请求类型': 'json'}
2025-11-21 21:00:21.193 | DEBUG    | day23.HAT.keywords.api_keywords:show_log:293 - -------END Log：请求参数-----
2025-11-21 21:01:31.959 | DEBUG    | day23.HAT.keywords.api_keywords:show_log:291 - -------Log：响应数据-----
2025-11-21 21:01:32.378 | DEBUG    | day23.HAT.keywords.api_keywords:show_log:292 - 响应数据:{'msg': '加入成功', 'code': 0, 'data': 2}
2025-11-21 21:01:32.822 | DEBUG    | day23.HAT.keywords.api_keywords:show_log:293 - -------END Log：响应数据-----
2025-11-21 21:02:20.838 | DEBUG    | day23.HAT.keywords.api_keywords:show_log:291 - -------Log：提取数据JSON-----
2025-11-21 21:02:21.186 | DEBUG    | day23.HAT.keywords.api_keywords:show_log:292 - 提取数据JSON:{'操作类型': '提取数据JSON', '表达式': '$..msg', '变量名': 'msg_success'}
2025-11-21 21:02:21.660 | DEBUG    | day23.HAT.keywords.api_keywords:show_log:293 - -------END Log：提取数据JSON-----
2025-11-21 21:03:09.806 | DEBUG    | day23.HAT.keywords.api_keywords:show_log:291 - -------Log：全局变量-----
2025-11-21 21:03:10.185 | DEBUG    | day23.HAT.keywords.api_keywords:show_log:292 - 全局变量:{'_数据库': {'mysql001': {'host': 'shop-xo.hctestedu.com', 'port': 3306, 'user': 'api_test', 'password': 'Aa9999!', 'db': 'shop_hctested'}, 'mysql002': {'host': 'shop-xo.hctestedu.com', 'port': 3306, 'user': 'api_test', 'password': 'Aa9999!', 'db': 'novel-plus'}, 'dsw_mysql': {'host': 'shop-xo.hctestedu.com', 'port': 3306, 'user': 'api_test', 'password': 'Aa9999!', 'db': 'novel-plus'}}, '用例类型': 'ApiCase', 'URL': 'http://shop-xo.hctestedu.com', 'DSWURL': 'http://novel.hctestedu.com/', 'dsw_name': 15096268002, 'dsw_password': 123456, 'shop_name': 'youyi', 'shop_password': 123456, '响应结果': <Response [200]>, 'msg_success': '加入成功', 'token': 'd81c99984b7120016067af52ebdc88ef'}
2025-11-21 21:03:10.559 | DEBUG    | day23.HAT.keywords.api_keywords:show_log:293 - -------END Log：全局变量-----
